TN:
SF:src/app.ts
FN:28,(anonymous_14)
FN:28,(anonymous_15)
FNF:2
FNH:0
FNDA:0,(anonymous_14)
FNDA:0,(anonymous_15)
DA:1,1
DA:2,1
DA:3,1
DA:4,1
DA:6,1
DA:7,1
DA:8,1
DA:9,1
DA:10,1
DA:11,1
DA:13,1
DA:14,1
DA:15,1
DA:16,1
DA:23,1
DA:24,1
DA:25,1
DA:26,1
DA:28,1
DA:29,0
DA:32,1
DA:34,1
LF:22
LH:21
BRF:0
BRH:0
end_of_record
TN:
SF:src/errors/bad-request-error.ts
FN:3,(anonymous_6)
FN:6,BadRequestError
FN:12,(anonymous_8)
FNF:3
FNH:3
FNDA:1,(anonymous_6)
FNDA:1,BadRequestError
FNDA:1,(anonymous_8)
DA:1,1
DA:3,1
DA:4,1
DA:6,1
DA:7,1
DA:9,1
DA:12,1
DA:13,1
DA:15,1
LF:9
LH:9
BRDA:7,0,0,1
BRDA:7,0,1,0
BRF:2
BRH:1
end_of_record
TN:
SF:src/errors/custom-error.ts
FN:1,(anonymous_6)
FN:4,CustomError
FNF:2
FNH:2
FNDA:1,(anonymous_6)
FNDA:4,CustomError
DA:1,1
DA:5,4
DA:7,4
DA:11,1
LF:4
LH:4
BRDA:5,0,0,4
BRDA:5,0,1,0
BRF:2
BRH:1
end_of_record
TN:
SF:src/errors/not-found-error.ts
FN:3,(anonymous_6)
FN:6,NotFoundError
FN:12,(anonymous_8)
FNF:3
FNH:1
FNDA:1,(anonymous_6)
FNDA:0,NotFoundError
FNDA:0,(anonymous_8)
DA:1,1
DA:3,1
DA:4,0
DA:7,0
DA:9,0
DA:12,1
DA:13,0
DA:15,1
LF:8
LH:4
BRDA:7,0,0,0
BRDA:7,0,1,0
BRF:2
BRH:0
end_of_record
TN:
SF:src/errors/request-validation-error.ts
FN:4,(anonymous_6)
FN:7,RequestValidationError
FN:14,(anonymous_8)
FN:15,(anonymous_9)
FNF:4
FNH:4
FNDA:1,(anonymous_6)
FNDA:3,RequestValidationError
FNDA:3,(anonymous_8)
FNDA:4,(anonymous_9)
DA:2,1
DA:4,1
DA:5,3
DA:7,3
DA:8,3
DA:11,3
DA:14,1
DA:15,3
DA:16,4
DA:19,1
LF:10
LH:10
BRDA:8,0,0,3
BRDA:8,0,1,0
BRF:2
BRH:1
end_of_record
TN:
SF:src/middlewares/current-user.ts
FN:17,(anonymous_1)
FNF:1
FNH:0
FNDA:0,(anonymous_1)
DA:2,1
DA:17,1
DA:22,0
DA:23,0
DA:26,0
DA:27,0
DA:31,0
DA:34,0
LF:8
LH:2
BRDA:22,0,0,0
BRDA:22,1,0,0
BRDA:22,1,1,0
BRDA:22,2,0,0
BRDA:22,2,1,0
BRF:5
BRH:0
end_of_record
TN:
SF:src/middlewares/error-handler.ts
FN:4,(anonymous_0)
FNF:1
FNH:1
FNDA:4,(anonymous_0)
DA:2,1
DA:4,1
DA:10,4
DA:11,4
DA:14,0
LF:5
LH:4
BRDA:10,0,0,4
BRF:1
BRH:1
end_of_record
TN:
SF:src/middlewares/validate-request.ts
FN:5,(anonymous_0)
FNF:1
FNH:1
FNDA:7,(anonymous_0)
DA:2,1
DA:3,1
DA:5,1
DA:10,7
DA:12,7
DA:13,3
DA:16,4
LF:7
LH:7
BRDA:12,0,0,3
BRF:1
BRH:1
end_of_record
TN:
SF:src/models/user.ts
FN:37,(anonymous_14)
FN:47,(anonymous_15)
FN:55,(anonymous_18)
FNF:3
FNH:3
FNDA:3,(anonymous_14)
FNDA:3,(anonymous_15)
FNDA:3,(anonymous_18)
DA:1,1
DA:2,1
DA:24,1
DA:38,3
DA:39,3
DA:40,3
DA:41,3
DA:47,1
DA:48,3
DA:49,3
DA:50,3
DA:52,3
DA:55,1
DA:56,3
DA:59,1
DA:61,1
LF:16
LH:16
BRDA:48,0,0,0
BRF:1
BRH:0
end_of_record
TN:
SF:src/routes/current-user.ts
FN:6,(anonymous_1)
FNF:1
FNH:0
FNDA:0,(anonymous_1)
DA:1,1
DA:2,1
DA:4,1
DA:6,1
DA:7,0
DA:10,1
LF:6
LH:5
BRDA:7,0,0,0
BRDA:7,0,1,0
BRF:2
BRH:0
end_of_record
TN:
SF:src/routes/signin.ts
FN:24,(anonymous_14)
FN:24,(anonymous_15)
FNF:2
FNH:0
FNDA:0,(anonymous_14)
FNDA:0,(anonymous_15)
DA:1,1
DA:2,1
DA:3,1
DA:5,1
DA:6,1
DA:7,1
DA:8,1
DA:10,1
DA:12,1
DA:24,0
DA:25,0
DA:27,0
DA:28,0
DA:29,0
DA:32,0
DA:36,0
DA:37,0
DA:41,0
DA:50,0
DA:54,0
DA:58,1
LF:21
LH:10
BRDA:28,0,0,0
BRDA:36,1,0,0
BRF:2
BRH:0
end_of_record
TN:
SF:src/routes/signout.ts
FN:5,(anonymous_1)
FNF:1
FNH:0
FNDA:0,(anonymous_1)
DA:1,1
DA:3,1
DA:5,1
DA:6,0
DA:8,0
DA:11,1
LF:6
LH:4
BRF:0
BRH:0
end_of_record
TN:
SF:src/routes/signup.ts
FN:23,(anonymous_14)
FN:23,(anonymous_15)
FNF:2
FNH:2
FNDA:4,(anonymous_14)
FNDA:4,(anonymous_15)
DA:1,1
DA:2,1
DA:3,1
DA:5,1
DA:6,1
DA:7,1
DA:9,1
DA:11,1
DA:23,4
DA:24,4
DA:26,4
DA:28,4
DA:29,1
DA:32,3
DA:33,6
DA:36,3
DA:45,3
DA:49,3
DA:53,1
LF:19
LH:19
BRDA:28,0,0,1
BRF:1
BRH:1
end_of_record
TN:
SF:src/services/password.ts
FN:6,(anonymous_13)
FN:7,(anonymous_15)
FN:14,(anonymous_18)
FNF:3
FNH:2
FNDA:1,(anonymous_13)
FNDA:3,(anonymous_15)
FNDA:0,(anonymous_18)
DA:1,1
DA:2,1
DA:4,1
DA:6,1
DA:7,1
DA:8,3
DA:9,3
DA:11,3
DA:14,1
DA:15,0
DA:16,0
DA:18,0
DA:20,1
LF:13
LH:10
BRF:0
BRH:0
end_of_record
